<?xml version="1.0" encoding="UTF-8"?>
<testng-results ignored="1" total="2" passed="1" failed="0" skipped="0">
  <reporter-output>
  </reporter-output>
  <suite started-at="2022-06-11T10:47:32 BDT" name="Default suite" finished-at="2022-06-11T10:47:32 BDT" duration-ms="83">
    <groups>
    </groups>
    <test started-at="2022-06-11T10:47:32 BDT" name="Default test" finished-at="2022-06-11T10:47:32 BDT" duration-ms="83">
      <class name="com.testng.TestNG">
        <test-method signature="LoginTest()[pri:0, instance:com.testng.TestNG@6da21078]" started-at="2022-06-11T10:47:32 BDT" name="LoginTest" finished-at="2022-06-11T10:47:32 BDT" duration-ms="17" status="PASS">
          <reporter-output>
          </reporter-output>
        </test-method> <!-- LoginTest -->
      </class> <!-- com.testng.TestNG -->
    </test> <!-- Default test -->
  </suite> <!-- Default suite -->
</testng-results>
